--------------------------------------------------------------------------
The library attempted to open the following supporting CUDA libraries,
but each of them failed.  CUDA-aware support is disabled.
libcuda.so.1: cannot open shared object file: No such file or directory
libcuda.dylib: cannot open shared object file: No such file or directory
/usr/lib64/libcuda.so.1: cannot open shared object file: No such file or directory
/usr/lib64/libcuda.dylib: cannot open shared object file: No such file or directory
If you are not interested in CUDA-aware support, then run with
--mca opal_warn_on_missing_libcuda 0 to suppress this message.  If you are interested
in CUDA-aware support, then try setting LD_LIBRARY_PATH to the location
of libcuda.so.1 to get passed this issue.
--------------------------------------------------------------------------
[cn-6-11:1711117] 47 more processes have sent help message help-mpi-common-cuda.txt / dlopen failed
[cn-6-11:1711117] Set MCA parameter "orte_base_help_aggregate" to 0 to see all help / error messages
Warning: ieee_invalid is signaling
Warning: ieee_divide_by_zero is signaling
Warning: ieee_underflow is signaling
Warning: ieee_inexact is signaling
FORTRAN STOP
Warning: ieee_invalid is signaling
Warning: ieee_divide_by_zero is signaling
Warning: ieee_underflow is signaling
Warning: ieee_inexact is signaling
FORTRAN STOP
Warning: ieee_invalid is signaling
Warning: ieee_divide_by_zero is signaling
Warning: ieee_underflow is signaling
Warning: ieee_inexact is signaling
FORTRAN STOP
Warning: ieee_invalid is signaling
Warning: ieee_divide_by_zero is signaling
Warning: ieee_underflow is signaling
Warning: ieee_inexact is signaling
FORTRAN STOP
Warning: ieee_invalid is signaling
Warning: ieee_divide_by_zero is signaling
Warning: ieee_underflow is signaling
Warning: ieee_inexact is signaling
FORTRAN STOP
Warning: ieee_invalid is signaling
Warning: ieee_divide_by_zero is signaling
Warning: ieee_underflow is signaling
Warning: ieee_inexact is signaling
FORTRAN STOP
Warning: ieee_invalid is signaling
Warning: ieee_divide_by_zero is signaling
Warning: ieee_underflow is signaling
Warning: ieee_inexact is signaling
FORTRAN STOP
Warning: ieee_invalid is signaling
Warning: ieee_divide_by_zero is signaling
Warning: ieee_underflow is signaling
Warning: ieee_inexact is signaling
FORTRAN STOP
Warning: ieee_invalid is signaling
Warning: ieee_divide_by_zero is signaling
Warning: ieee_underflow is signaling
Warning: ieee_inexact is signaling
FORTRAN STOP
Warning: ieee_invalid is signaling
Warning: ieee_divide_by_zero is signaling
Warning: ieee_underflow is signaling
Warning: ieee_inexact is signaling
FORTRAN STOP
Warning: ieee_invalid is signaling
Warning: ieee_divide_by_zero is signaling
Warning: ieee_underflow is signaling
Warning: ieee_inexact is signaling
FORTRAN STOP
Warning: ieee_invalid is signaling
Warning: ieee_divide_by_zero is signaling
Warning: ieee_underflow is signaling
Warning: ieee_inexact is signaling
FORTRAN STOP
Warning: ieee_invalid is signaling
Warning: ieee_divide_by_zero is signaling
Warning: ieee_underflow is signaling
Warning: ieee_inexact is signaling
FORTRAN STOP
Warning: ieee_invalid is signaling
Warning: ieee_divide_by_zero is signaling
Warning: ieee_underflow is signaling
Warning: ieee_inexact is signaling
FORTRAN STOP
Warning: ieee_invalid is signaling
Warning: ieee_divide_by_zero is signaling
Warning: ieee_underflow is signaling
Warning: ieee_inexact is signaling
FORTRAN STOP
Warning: ieee_invalid is signaling
Warning: ieee_divide_by_zero is signaling
Warning: ieee_underflow is signaling
Warning: ieee_inexact is signaling
FORTRAN STOP
Warning: ieee_invalid is signaling
Warning: ieee_divide_by_zero is signaling
Warning: ieee_underflow is signaling
Warning: ieee_inexact is signaling
FORTRAN STOP
Warning: ieee_invalid is signaling
Warning: ieee_divide_by_zero is signaling
Warning: ieee_underflow is signaling
Warning: ieee_inexact is signaling
FORTRAN STOP
Warning: ieee_invalid is signaling
Warning: ieee_divide_by_zero is signaling
Warning: ieee_underflow is signaling
Warning: ieee_inexact is signaling
FORTRAN STOP
Warning: ieee_invalid is signaling
Warning: ieee_divide_by_zero is signaling
Warning: ieee_underflow is signaling
Warning: ieee_inexact is signaling
FORTRAN STOP
Warning: ieee_invalid is signaling
Warning: ieee_divide_by_zero is signaling
Warning: ieee_underflow is signaling
Warning: ieee_inexact is signaling
FORTRAN STOP
Warning: ieee_invalid is signaling
Warning: ieee_divide_by_zero is signaling
Warning: ieee_underflow is signaling
Warning: ieee_inexact is signaling
FORTRAN STOP
Warning: ieee_invalid is signaling
Warning: ieee_divide_by_zero is signaling
Warning: ieee_underflow is signaling
Warning: ieee_inexact is signaling
FORTRAN STOP
Warning: ieee_invalid is signaling
Warning: ieee_divide_by_zero is signaling
Warning: ieee_underflow is signaling
Warning: ieee_inexact is signaling
FORTRAN STOP
Warning: ieee_invalid is signaling
Warning: ieee_divide_by_zero is signaling
Warning: ieee_underflow is signaling
Warning: ieee_inexact is signaling
FORTRAN STOP
Warning: ieee_invalid is signaling
Warning: ieee_divide_by_zero is signaling
Warning: ieee_underflow is signaling
Warning: ieee_inexact is signaling
FORTRAN STOP
Warning: ieee_invalid is signaling
Warning: ieee_divide_by_zero is signaling
Warning: ieee_underflow is signaling
Warning: ieee_inexact is signaling
FORTRAN STOP
Warning: ieee_invalid is signaling
Warning: ieee_divide_by_zero is signaling
Warning: ieee_underflow is signaling
Warning: ieee_inexact is signaling
FORTRAN STOP
Warning: ieee_invalid is signaling
Warning: ieee_divide_by_zero is signaling
Warning: ieee_underflow is signaling
Warning: ieee_inexact is signaling
FORTRAN STOP
Warning: ieee_invalid is signaling
Warning: ieee_divide_by_zero is signaling
Warning: ieee_underflow is signaling
Warning: ieee_inexact is signaling
FORTRAN STOP
Warning: ieee_invalid is signaling
Warning: ieee_divide_by_zero is signaling
Warning: ieee_underflow is signaling
Warning: ieee_inexact is signaling
FORTRAN STOP
Warning: ieee_invalid is signaling
Warning: ieee_divide_by_zero is signaling
Warning: ieee_underflow is signaling
Warning: ieee_inexact is signaling
FORTRAN STOP
Warning: ieee_invalid is signaling
Warning: ieee_divide_by_zero is signaling
Warning: ieee_underflow is signaling
Warning: ieee_inexact is signaling
FORTRAN STOP
Warning: ieee_invalid is signaling
Warning: ieee_divide_by_zero is signaling
Warning: ieee_underflow is signaling
Warning: ieee_inexact is signaling
FORTRAN STOP
Warning: ieee_invalid is signaling
Warning: ieee_divide_by_zero is signaling
Warning: ieee_underflow is signaling
Warning: ieee_inexact is signaling
FORTRAN STOP
Warning: ieee_invalid is signaling
Warning: ieee_divide_by_zero is signaling
Warning: ieee_underflow is signaling
Warning: ieee_inexact is signaling
FORTRAN STOP
Warning: ieee_invalid is signaling
Warning: ieee_divide_by_zero is signaling
Warning: ieee_underflow is signaling
Warning: ieee_inexact is signaling
FORTRAN STOP
Warning: ieee_invalid is signaling
Warning: ieee_divide_by_zero is signaling
Warning: ieee_underflow is signaling
Warning: ieee_inexact is signaling
FORTRAN STOP
Warning: ieee_invalid is signaling
Warning: ieee_divide_by_zero is signaling
Warning: ieee_underflow is signaling
Warning: ieee_inexact is signaling
FORTRAN STOP
Warning: ieee_invalid is signaling
Warning: ieee_divide_by_zero is signaling
Warning: ieee_underflow is signaling
Warning: ieee_inexact is signaling
FORTRAN STOP
Warning: ieee_invalid is signaling
Warning: ieee_divide_by_zero is signaling
Warning: ieee_underflow is signaling
Warning: ieee_inexact is signaling
FORTRAN STOP
Warning: ieee_invalid is signaling
Warning: ieee_divide_by_zero is signaling
Warning: ieee_underflow is signaling
Warning: ieee_inexact is signaling
FORTRAN STOP
Warning: ieee_invalid is signaling
Warning: ieee_divide_by_zero is signaling
Warning: ieee_underflow is signaling
Warning: ieee_inexact is signaling
FORTRAN STOP
Warning: ieee_invalid is signaling
Warning: ieee_divide_by_zero is signaling
Warning: ieee_underflow is signaling
Warning: ieee_inexact is signaling
FORTRAN STOP
Warning: ieee_invalid is signaling
Warning: ieee_divide_by_zero is signaling
Warning: ieee_underflow is signaling
Warning: ieee_inexact is signaling
FORTRAN STOP
Warning: ieee_invalid is signaling
Warning: ieee_divide_by_zero is signaling
Warning: ieee_underflow is signaling
Warning: ieee_inexact is signaling
FORTRAN STOP
Warning: ieee_invalid is signaling
Warning: ieee_divide_by_zero is signaling
Warning: ieee_underflow is signaling
Warning: ieee_inexact is signaling
FORTRAN STOP
Warning: ieee_invalid is signaling
Warning: ieee_divide_by_zero is signaling
Warning: ieee_underflow is signaling
Warning: ieee_inexact is signaling
FORTRAN STOP
